Determining if the pthread_create exist failed with the following output:
Change Dir: /home/davidbrahiam/catkin_ws/src/ardrone_helpers/joy/build/CMakeFiles/CMakeTmp

Run Build Command:/usr/bin/make "cmTryCompileExec820778352/fast"
make[1]: Entering directory `/home/davidbrahiam/catkin_ws/src/ardrone_helpers/joy/build/CMakeFiles/CMakeTmp'
/usr/bin/make -f CMakeFiles/cmTryCompileExec820778352.dir/build.make CMakeFiles/cmTryCompileExec820778352.dir/build
make[2]: Entering directory `/home/davidbrahiam/catkin_ws/src/ardrone_helpers/joy/build/CMakeFiles/CMakeTmp'
/usr/bin/cmake -E cmake_progress_report /home/davidbrahiam/catkin_ws/src/ardrone_helpers/joy/build/CMakeFiles/CMakeTmp/CMakeFiles 1
Building C object CMakeFiles/cmTryCompileExec820778352.dir/CheckSymbolExists.c.o
/usr/bin/cc    -o CMakeFiles/cmTryCompileExec820778352.dir/CheckSymbolExists.c.o   -c /home/davidbrahiam/catkin_ws/src/ardrone_helpers/joy/build/CMakeFiles/CMakeTmp/CheckSymbolExists.c
Linking C executable cmTryCompileExec820778352
/usr/bin/cmake -E cmake_link_script CMakeFiles/cmTryCompileExec820778352.dir/link.txt --verbose=1
/usr/bin/cc       CMakeFiles/cmTryCompileExec820778352.dir/CheckSymbolExists.c.o  -o cmTryCompileExec820778352 -rdynamic 
CMakeFiles/cmTryCompileExec820778352.dir/CheckSymbolExists.c.o: In function `main':
CheckSymbolExists.c:(.text+0x16): undefined reference to `pthread_create'
collect2: error: ld returned 1 exit status
make[2]: Leaving directory `/home/davidbrahiam/catkin_ws/src/ardrone_helpers/joy/build/CMakeFiles/CMakeTmp'
make[2]: *** [cmTryCompileExec820778352] Error 1
make[1]: *** [cmTryCompileExec820778352/fast] Error 2
make[1]: Leaving directory `/home/davidbrahiam/catkin_ws/src/ardrone_helpers/joy/build/CMakeFiles/CMakeTmp'

File /home/davidbrahiam/catkin_ws/src/ardrone_helpers/joy/build/CMakeFiles/CMakeTmp/CheckSymbolExists.c:
/* */
#include <pthread.h>

int main(int argc, char** argv)
{
  (void)argv;
#ifndef pthread_create
  return ((int*)(&pthread_create))[argc];
#else
  (void)argc;
  return 0;
#endif
}

Determining if the function pthread_create exists in the pthreads failed with the following output:
Change Dir: /home/davidbrahiam/catkin_ws/src/ardrone_helpers/joy/build/CMakeFiles/CMakeTmp

Run Build Command:/usr/bin/make "cmTryCompileExec2195333800/fast"
make[1]: Entering directory `/home/davidbrahiam/catkin_ws/src/ardrone_helpers/joy/build/CMakeFiles/CMakeTmp'
/usr/bin/make -f CMakeFiles/cmTryCompileExec2195333800.dir/build.make CMakeFiles/cmTryCompileExec2195333800.dir/build
make[2]: Entering directory `/home/davidbrahiam/catkin_ws/src/ardrone_helpers/joy/build/CMakeFiles/CMakeTmp'
/usr/bin/cmake -E cmake_progress_report /home/davidbrahiam/catkin_ws/src/ardrone_helpers/joy/build/CMakeFiles/CMakeTmp/CMakeFiles 1
Building C object CMakeFiles/cmTryCompileExec2195333800.dir/CheckFunctionExists.c.o
/usr/bin/cc   -DCHECK_FUNCTION_EXISTS=pthread_create   -o CMakeFiles/cmTryCompileExec2195333800.dir/CheckFunctionExists.c.o   -c /usr/share/cmake-2.8/Modules/CheckFunctionExists.c
Linking C executable cmTryCompileExec2195333800
/usr/bin/cmake -E cmake_link_script CMakeFiles/cmTryCompileExec2195333800.dir/link.txt --verbose=1
/usr/bin/cc   -DCHECK_FUNCTION_EXISTS=pthread_create    CMakeFiles/cmTryCompileExec2195333800.dir/CheckFunctionExists.c.o  -o cmTryCompileExec2195333800 -rdynamic -lpthreads 
/usr/bin/ld: cannot find -lpthreads
collect2: error: ld returned 1 exit status
make[2]: *** [cmTryCompileExec2195333800] Error 1
make[2]: Leaving directory `/home/davidbrahiam/catkin_ws/src/ardrone_helpers/joy/build/CMakeFiles/CMakeTmp'
make[1]: *** [cmTryCompileExec2195333800/fast] Error 2
make[1]: Leaving directory `/home/davidbrahiam/catkin_ws/src/ardrone_helpers/joy/build/CMakeFiles/CMakeTmp'


